C51 COMPILER V9.55   IE                                                                    01/04/2024 23:41:27 PAGE 1   


C51 COMPILER V9.55, COMPILATION OF MODULE IE
OBJECT MODULE PLACED IN .\Objects\ie.obj
COMPILER INVOKED BY: D:\Program Files (x86)\Keil_C51\C51\BIN\C51.EXE ..\hal\ie.c OPTIMIZE(8,SPEED) BROWSE INCDIR(..\hal;
                    -..\user) DEBUG OBJECTEXTEND PRINT(.\Listings\ie.lst) TABS(2) OBJECT(.\Objects\ie.obj)

line level    source

   1          #include "HC89S003AF4.h"
   2          #include "ie.h"
   3          
   4          void user_set_interrupt_state(ie_type_t ieType, ie_value_t value)
   5          {
   6   1          switch(ieType){
   7   2              case IE_TYPE_GLOBAL:{
   8   3                  EA = value;
   9   3                  break;
  10   3              }
  11   2      
  12   2              case IE_TYPE_UART2:{
  13   3                  ES2 = value;
  14   3                  break;
  15   3              }
  16   2      
  17   2              case IE_TYPE_EWDT:{
  18   3                  EWDT = value;
  19   3                  break;
  20   3              }
  21   2      
  22   2              case IE_TYPE_UART1:{
  23   3                  ES1 = value;
  24   3                  break;
  25   3              }
  26   2      
  27   2              case IE_TYPE_TIMER1:{
  28   3                  ET1 = value;
  29   3                  break;
  30   3              }
  31   2      
  32   2              case IE_TYPE_EXTERN1:{
  33   3                  EX1 = value;
  34   3                  break;
  35   3              }
  36   2      
  37   2              case IE_TYPE_TIMER0:{
  38   3                  ET0 = value;
  39   3                  break;
  40   3              }
  41   2      
  42   2              case IE_TYPE_EXTERN0:{
  43   3                  EX0 = value;
  44   3                  break;
  45   3              }
  46   2      
  47   2              case IE_TYPE_EX8_EX15:{
  48   3                  EX8_15 = value;
  49   3                  break;
  50   3              }
  51   2      
  52   2              case IE_TYPE_EX2_EX7:{
  53   3                  EX2_7 = value;
  54   3                  break;
C51 COMPILER V9.55   IE                                                                    01/04/2024 23:41:27 PAGE 2   

  55   3              }
  56   2      
  57   2              case IE_TYPE_ADC:{
  58   3                  EADC = value;
  59   3                  break;
  60   3              }
  61   2      
  62   2              case IE_TYPE_TIMER5:{
  63   3                  ET5 = value;
  64   3                  break;
  65   3              }
  66   2      
  67   2              case IE_TYPE_IIC:{
  68   3                  EIIC = value;
  69   3                  break;
  70   3              }
  71   2      
  72   2              case IE_TYPE_TIMER4:{
  73   3                  ET4 = value;
  74   3                  break;
  75   3              }
  76   2      
  77   2              case IE_TYPE_TIMER3:{
  78   3                  ET3 = value;
  79   3                  break;
  80   3              }
  81   2      
  82   2              case IE_TYPE_SPI:{
  83   3                  ESPI = value;
  84   3                  break;
  85   3              }
  86   2      
  87   2              default:break;
  88   2          }
  89   1      }


MODULE INFORMATION:   STATIC OVERLAYABLE
   CODE SIZE        =    160    ----
   CONSTANT SIZE    =   ----    ----
   XDATA SIZE       =   ----    ----
   PDATA SIZE       =   ----    ----
   DATA SIZE        =   ----    ----
   IDATA SIZE       =   ----    ----
   BIT SIZE         =   ----    ----
END OF MODULE INFORMATION.


C51 COMPILATION COMPLETE.  0 WARNING(S),  0 ERROR(S)
