C51 COMPILER V9.55   WDT                                                                   01/01/2024 23:41:57 PAGE 1   


C51 COMPILER V9.55, COMPILATION OF MODULE WDT
OBJECT MODULE PLACED IN .\Objects\wdt.obj
COMPILER INVOKED BY: D:\Program Files (x86)\Keil_C51\C51\BIN\C51.EXE ..\hal\wdt.c OPTIMIZE(8,SPEED) BROWSE INCDIR(..\hal
                    -;..\user) DEBUG OBJECTEXTEND PRINT(.\Listings\wdt.lst) TABS(2) OBJECT(.\Objects\wdt.obj)

line level    source

   1          //#define ALLOCATE_EXTERN
   2          #include "HC89S003AF4.h"
   3          #include "wdt.h"
   4          
   5          
   6          void wdt_config(wdt_rst_t enable, wdt_mode_t mode, wdt_period_t peroid)
   7          {
   8   1          WDTC = enable | mode | peroid;
   9   1      }
  10          
  11          void wdt_enable(bool enable)
  12          {
  13   1          if(enable){
  14   2              WDTCCR = 0xff;
  15   2          }else{
  16   2              WDTCCR = 0x00;
  17   2          }   
  18   1      }


MODULE INFORMATION:   STATIC OVERLAYABLE
   CODE SIZE        =     22    ----
   CONSTANT SIZE    =   ----    ----
   XDATA SIZE       =   ----    ----
   PDATA SIZE       =   ----    ----
   DATA SIZE        =   ----    ----
   IDATA SIZE       =   ----    ----
   BIT SIZE         =   ----       1
END OF MODULE INFORMATION.


C51 COMPILATION COMPLETE.  0 WARNING(S),  0 ERROR(S)
